2025-01-18 13:46:14 : root : DEBUG : Fetching the train data
2025-01-18 13:46:23 : root : DEBUG : Fetching the test data
2025-01-18 13:46:32 : root : INFO : Loaded train and test datasets
2025-01-18 13:46:32 : root : INFO : Prepared the train set
2025-01-18 13:46:32 : root : DEBUG : Loading model if already exists
2025-01-18 13:46:32 : root : INFO : Successfully loaded the model
2025-01-18 13:46:32 : root : DEBUG : Evaluating model on test data
2025-01-18 13:46:32 : root : INFO : Prepared the test set
2025-01-18 13:46:32 : root : INFO : Model RMSE = 0.88
2025-01-18 13:47:10 : root : INFO : Loaded train and test datasets
2025-01-18 13:47:10 : root : INFO : Prepared the train set
2025-01-18 13:47:10 : root : DEBUG : Loading model if already exists
2025-01-18 13:47:10 : root : INFO : Successfully loaded the model
2025-01-18 13:47:10 : root : DEBUG : Evaluating model on test data
2025-01-18 13:47:10 : root : INFO : Prepared the test set
2025-01-18 13:47:10 : root : INFO : Model RMSE = 0.88
2025-01-18 13:47:10 : root : DEBUG : Getting recommendations for user
2025-01-18 13:47:10 : root : INFO : Successfully recommended products for given user
2025-01-18 13:55:22 : root : INFO : Loaded train and test datasets
2025-01-18 13:55:23 : root : INFO : Prepared the train set
2025-01-18 13:55:23 : root : DEBUG : Loading model if already exists
2025-01-18 13:55:23 : root : INFO : Successfully loaded the model
2025-01-18 13:55:23 : root : DEBUG : Evaluating model on test data
2025-01-18 13:55:23 : root : INFO : Prepared the test set
2025-01-18 13:55:23 : root : INFO : Model RMSE = 0.88
2025-01-18 13:55:37 : root : INFO : Loaded train and test datasets
2025-01-18 13:55:37 : root : INFO : Prepared the train set
2025-01-18 13:55:37 : root : DEBUG : Loading model if already exists
2025-01-18 13:55:37 : root : INFO : Successfully loaded the model
2025-01-18 13:55:37 : root : DEBUG : Evaluating model on test data
2025-01-18 13:55:37 : root : INFO : Prepared the test set
2025-01-18 13:55:37 : root : INFO : Model RMSE = 0.88
2025-01-18 13:55:37 : root : DEBUG : Getting recommendations for user
2025-01-18 13:55:37 : root : INFO : Successfully recommended products for given user
2025-01-18 13:59:08 : root : INFO : Loaded train and test datasets
2025-01-18 13:59:08 : root : INFO : Prepared the train set
2025-01-18 13:59:08 : root : DEBUG : Loading model if already exists
2025-01-18 13:59:08 : root : INFO : Successfully loaded the model
2025-01-18 13:59:08 : root : DEBUG : Evaluating model on test data
2025-01-18 13:59:08 : root : INFO : Prepared the test set
2025-01-18 13:59:08 : root : INFO : Model RMSE = 0.88
2025-01-18 13:59:25 : root : INFO : Loaded train and test datasets
2025-01-18 13:59:25 : root : INFO : Prepared the train set
2025-01-18 13:59:25 : root : DEBUG : Loading model if already exists
2025-01-18 13:59:25 : root : INFO : Successfully loaded the model
2025-01-18 13:59:25 : root : DEBUG : Evaluating model on test data
2025-01-18 13:59:25 : root : INFO : Prepared the test set
2025-01-18 13:59:25 : root : INFO : Model RMSE = 0.88
2025-01-18 13:59:25 : root : DEBUG : Getting recommendations for user
2025-01-18 13:59:25 : root : INFO : Successfully recommended products for given user
